c:\users\prachi kadam\documents\visual studio 2012\projects\cs580project\cs580project\debug\cs580project.pch
c:\users\prachi kadam\documents\visual studio 2012\projects\cs580project\cs580project\debug\stdafx.obj
c:\users\prachi kadam\documents\visual studio 2012\projects\cs580project\cs580project\debug\vc110.pdb
c:\users\prachi kadam\documents\visual studio 2012\projects\cs580project\cs580project\debug\imageloader.obj
c:\users\prachi kadam\documents\visual studio 2012\projects\cs580project\cs580project\debug\main.obj
c:\users\prachi kadam\documents\visual studio 2012\projects\cs580project\debug\cs580project.ilk
c:\users\prachi kadam\documents\visual studio 2012\projects\cs580project\debug\cs580project.exe
c:\users\prachi kadam\documents\visual studio 2012\projects\cs580project\debug\cs580project.pdb
c:\users\arijit\documents\github\cloudsimulation\cs580project\cs580project\debug\cs580project.pch
c:\users\arijit\documents\github\cloudsimulation\cs580project\cs580project\debug\vc120.pdb
c:\users\arijit\documents\github\cloudsimulation\cs580project\cs580project\debug\vc120.idb
c:\users\arijit\documents\github\cloudsimulation\cs580project\cs580project\debug\stdafx.obj
c:\users\arijit\documents\github\cloudsimulation\cs580project\cs580project\debug\imageloader.obj
c:\users\arijit\documents\github\cloudsimulation\cs580project\cs580project\debug\main.obj
c:\users\arijit\documents\github\cloudsimulation\cs580project\cs580project\debug\perlinnoise.obj
c:\users\arijit\documents\github\cloudsimulation\cs580project\cs580project\debug\coherentperlinnoise.obj
c:\users\arijit\documents\github\cloudsimulation\cs580project\cs580project\debug\perlin.obj
c:\users\arijit\documents\github\cloudsimulation\cs580project\cs580project\debug\cl.command.1.tlog
c:\users\arijit\documents\github\cloudsimulation\cs580project\cs580project\debug\cl.read.1.tlog
c:\users\arijit\documents\github\cloudsimulation\cs580project\cs580project\debug\cl.write.1.tlog
c:\users\arijit\documents\github\cloudsimulation\cs580project\cs580project\debug\link-cvtres.read.1.tlog
c:\users\arijit\documents\github\cloudsimulation\cs580project\cs580project\debug\link-cvtres.write.1.tlog
c:\users\arijit\documents\github\cloudsimulation\cs580project\cs580project\debug\link-rc.read.1.tlog
c:\users\arijit\documents\github\cloudsimulation\cs580project\cs580project\debug\link-rc.write.1.tlog
c:\users\arijit\documents\github\cloudsimulation\cs580project\cs580project\debug\link.command.1.tlog
c:\users\arijit\documents\github\cloudsimulation\cs580project\cs580project\debug\link.read.1.tlog
c:\users\arijit\documents\github\cloudsimulation\cs580project\cs580project\debug\link.write.1.tlog
c:\users\arijit\documents\github\cloudsimulation\cs580project\cs580project\debug\vc110.idb
c:\users\arijit\documents\github\cloudsimulation\cs580project\cs580project\debug\vc110.pdb
c:\users\arijit\documents\github\cloudsimulation\cs580project\debug\cs580project.pdb
c:\users\arijit\documents\github\cloudsimulation\cs580project\cs580project\debug\cs580project.tlog\cl.command.1.tlog
c:\users\arijit\documents\github\cloudsimulation\cs580project\cs580project\debug\cs580project.tlog\cl.read.1.tlog
c:\users\arijit\documents\github\cloudsimulation\cs580project\cs580project\debug\cs580project.tlog\cl.write.1.tlog
c:\users\arijit\documents\github\cloudsimulation\cs580project\cs580project\debug\cs580project.tlog\link.command.1.tlog
c:\users\arijit\documents\github\cloudsimulation\cs580project\cs580project\debug\cs580project.tlog\link.read.1.tlog
c:\users\arijit\documents\github\cloudsimulation\cs580project\cs580project\debug\cs580project.tlog\link.write.1.tlog
