Build started 12/2/2014 11:17:15 PM.
     1>Project "C:\Users\Arijit\Documents\GitHub\CloudSimulation\CS580Project\CS580Project\CS580Project.vcxproj" on node 2 (Build target(s)).
     1>ClCompile:
         C:\Program Files (x86)\Microsoft Visual Studio 12.0\VC\bin\CL.exe /c /I"C:\GL Files\GL Files\include\GL" /ZI /nologo /W3 /WX- /sdl /Od /Oy- /D WIN32 /D _DEBUG /D _CONSOLE /D _UNICODE /D UNICODE /Gm /EHsc /RTC1 /MDd /GS /fp:precise /Zc:wchar_t /Zc:forScope /Fo"Debug\\" /Fd"Debug\vc120.pdb" /Gd /TP /analyze- /errorReport:prompt generateNoise.cpp
         generateNoise.cpp
     1>c:\users\arijit\documents\github\cloudsimulation\cs580project\cs580project\generatenoise.cpp(8): warning C4244: 'initializing' : conversion from 'double' to 'float', possible loss of data
     1>c:\users\arijit\documents\github\cloudsimulation\cs580project\cs580project\generatenoise.cpp(9): warning C4244: 'initializing' : conversion from 'double' to 'float', possible loss of data
     1>c:\users\arijit\documents\github\cloudsimulation\cs580project\cs580project\generatenoise.cpp(13): warning C4244: '=' : conversion from 'double' to 'float', possible loss of data
     1>c:\users\arijit\documents\github\cloudsimulation\cs580project\cs580project\generatenoise.cpp(42): warning C4305: '=' : truncation from 'double' to 'float'
     1>c:\users\arijit\documents\github\cloudsimulation\cs580project\cs580project\generatenoise.cpp(89): warning C4244: 'initializing' : conversion from 'double' to 'float', possible loss of data
     1>c:\users\arijit\documents\github\cloudsimulation\cs580project\cs580project\generatenoise.cpp(103): warning C4244: 'initializing' : conversion from 'double' to 'float', possible loss of data
     1>c:\users\arijit\documents\github\cloudsimulation\cs580project\cs580project\generatenoise.cpp(109): warning C4244: 'initializing' : conversion from 'int' to 'float', possible loss of data
     1>c:\users\arijit\documents\github\cloudsimulation\cs580project\cs580project\generatenoise.cpp(110): warning C4244: 'initializing' : conversion from 'int' to 'float', possible loss of data
     1>c:\users\arijit\documents\github\cloudsimulation\cs580project\cs580project\generatenoise.cpp(111): warning C4244: 'initializing' : conversion from 'int' to 'float', possible loss of data
       Link:
         C:\Program Files (x86)\Microsoft Visual Studio 12.0\VC\bin\link.exe /ERRORREPORT:PROMPT /OUT:"C:\Users\Arijit\Documents\GitHub\CloudSimulation\CS580Project\Debug\CS580Project.exe" /INCREMENTAL /NOLOGO /LIBPATH:"C:\GL Files\GL Files\lib" GLU32.lib glut32.lib kernel32.lib user32.lib gdi32.lib winspool.lib comdlg32.lib advapi32.lib shell32.lib ole32.lib oleaut32.lib uuid.lib odbc32.lib odbccp32.lib /MANIFEST /MANIFESTUAC:"level='asInvoker' uiAccess='false'" /manifest:embed /DEBUG /PDB:"C:\Users\Arijit\Documents\GitHub\CloudSimulation\CS580Project\Debug\CS580Project.pdb" /SUBSYSTEM:CONSOLE /TLBID:1 /DYNAMICBASE /NXCOMPAT /IMPLIB:"C:\Users\Arijit\Documents\GitHub\CloudSimulation\CS580Project\Debug\CS580Project.lib" /MACHINE:X86 Debug\generateNoise.obj
         Debug\generateNoise3D.obj
         Debug\imageloader.obj
         Debug\kenPerlinNoise.obj
         Debug\main.obj
         Debug\noiseType1.obj
         Debug\noiseType2.obj
         Debug\perlin.obj
         Debug\perlinNoise.obj
         Debug\stdafx.obj
         CS580Project.vcxproj -> C:\Users\Arijit\Documents\GitHub\CloudSimulation\CS580Project\Debug\CS580Project.exe
     1>Done Building Project "C:\Users\Arijit\Documents\GitHub\CloudSimulation\CS580Project\CS580Project\CS580Project.vcxproj" (Build target(s)).

Build succeeded.

Time Elapsed 00:00:00.46
