C:\PRACHI'S DATA\MY DOCUMENTS\GRAD LIFE\USC\FALL 2014\CS 580 - 3D GRAPHICS & RENDERING\PROJECT\CS580PROJECT\DEBUG\CS580PROJECT.PCH
C:\PRACHI'S DATA\MY DOCUMENTS\GRAD LIFE\USC\FALL 2014\CS 580 - 3D GRAPHICS & RENDERING\PROJECT\CS580PROJECT\DEBUG\STDAFX.OBJ
C:\PRACHI'S DATA\MY DOCUMENTS\GRAD LIFE\USC\FALL 2014\CS 580 - 3D GRAPHICS & RENDERING\PROJECT\CS580PROJECT\DEBUG\VC110.PDB
C:\PRACHI'S DATA\MY DOCUMENTS\GRAD LIFE\USC\FALL 2014\CS 580 - 3D GRAPHICS & RENDERING\PROJECT\CS580PROJECT\DEBUG\GENERATENOISE3D.OBJ
C:\PRACHI'S DATA\MY DOCUMENTS\GRAD LIFE\USC\FALL 2014\CS 580 - 3D GRAPHICS & RENDERING\PROJECT\CS580PROJECT\DEBUG\MAIN.OBJ
C:\PRACHI'S DATA\MY DOCUMENTS\GRAD LIFE\USC\FALL 2014\CS 580 - 3D GRAPHICS & RENDERING\PROJECT\CS580PROJECT\DEBUG\NOISETYPE1.OBJ
C:\PRACHI'S DATA\MY DOCUMENTS\GRAD LIFE\USC\FALL 2014\CS 580 - 3D GRAPHICS & RENDERING\PROJECT\CS580PROJECT\DEBUG\PERLIN.OBJ
C:\Prachi's Data\My Documents\Grad Life\USC\Fall 2014\CS 580 - 3D Graphics & Rendering\Project\CS580Project\Debug\generateNoise3D.obj
C:\Prachi's Data\My Documents\Grad Life\USC\Fall 2014\CS 580 - 3D Graphics & Rendering\Project\CS580Project\Debug\main.obj
C:\Prachi's Data\My Documents\Grad Life\USC\Fall 2014\CS 580 - 3D Graphics & Rendering\Project\CS580Project\Debug\noiseType1.obj
C:\Prachi's Data\My Documents\Grad Life\USC\Fall 2014\CS 580 - 3D Graphics & Rendering\Project\CS580Project\Debug\perlin.obj
C:\Prachi's Data\My Documents\Grad Life\USC\Fall 2014\CS 580 - 3D Graphics & Rendering\Project\CS580Project\Debug\stdafx.obj
C:\Prachi's Data\My Documents\Grad Life\USC\Fall 2014\CS 580 - 3D Graphics & Rendering\Project\CS580Project\Debug\CS580Project.ilk
C:\Prachi's Data\My Documents\Grad Life\USC\Fall 2014\CS 580 - 3D Graphics & Rendering\Project\CS580Project\Debug\cl.command.1.tlog
C:\Prachi's Data\My Documents\Grad Life\USC\Fall 2014\CS 580 - 3D Graphics & Rendering\Project\CS580Project\Debug\CL.read.1.tlog
C:\Prachi's Data\My Documents\Grad Life\USC\Fall 2014\CS 580 - 3D Graphics & Rendering\Project\CS580Project\Debug\CL.write.1.tlog
C:\Prachi's Data\My Documents\Grad Life\USC\Fall 2014\CS 580 - 3D Graphics & Rendering\Project\CS580Project\Debug\link-cvtres.read.1.tlog
C:\Prachi's Data\My Documents\Grad Life\USC\Fall 2014\CS 580 - 3D Graphics & Rendering\Project\CS580Project\Debug\link-cvtres.write.1.tlog
C:\Prachi's Data\My Documents\Grad Life\USC\Fall 2014\CS 580 - 3D Graphics & Rendering\Project\CS580Project\Debug\link-rc.read.1.tlog
C:\Prachi's Data\My Documents\Grad Life\USC\Fall 2014\CS 580 - 3D Graphics & Rendering\Project\CS580Project\Debug\link-rc.write.1.tlog
C:\Prachi's Data\My Documents\Grad Life\USC\Fall 2014\CS 580 - 3D Graphics & Rendering\Project\CS580Project\Debug\link.command.1.tlog
C:\Prachi's Data\My Documents\Grad Life\USC\Fall 2014\CS 580 - 3D Graphics & Rendering\Project\CS580Project\Debug\link.read.1.tlog
C:\Prachi's Data\My Documents\Grad Life\USC\Fall 2014\CS 580 - 3D Graphics & Rendering\Project\CS580Project\Debug\link.write.1.tlog
C:\Prachi's Data\My Documents\Grad Life\USC\Fall 2014\CS 580 - 3D Graphics & Rendering\Project\CS580Project\Debug\CS580Project.pch
C:\Prachi's Data\My Documents\Grad Life\USC\Fall 2014\CS 580 - 3D Graphics & Rendering\Project\CS580Project\Debug\vc110.idb
C:\Prachi's Data\My Documents\Grad Life\USC\Fall 2014\CS 580 - 3D Graphics & Rendering\Project\CS580Project\Debug\CS580Project.pdb
C:\Prachi's Data\My Documents\Grad Life\USC\Fall 2014\CS 580 - 3D Graphics & Rendering\Project\CS580Project\Debug\vc110.pdb
C:\Prachi's Data\My Documents\Grad Life\USC\Fall 2014\CS 580 - 3D Graphics & Rendering\Project\CS580Project\Debug\CS580Project.pdb
